Flow report for pce_top
Sat Sep 27 15:13:30 2014
Quartus II 32-bit Version 13.0.1 Build 232 06/12/2013 Service Pack 1 SJ Web Edition


---------------------
; Table of Contents ;
---------------------
  1. Legal Notice
  2. Flow Summary
  3. Flow Settings
  4. Flow Non-Default Global Settings
  5. Flow Elapsed Time
  6. Flow OS Summary
  7. Flow Log
  8. Flow Messages
  9. Flow Suppressed Messages



----------------
; Legal Notice ;
----------------
Copyright (C) 1991-2013 Altera Corporation
Your use of Altera Corporation's design tools, logic functions 
and other software and tools, and its AMPP partner logic 
functions, and any output files from any of the foregoing 
(including device programming or simulation files), and any 
associated documentation or information are expressly subject 
to the terms and conditions of the Altera Program License 
Subscription Agreement, Altera MegaCore Function License 
Agreement, or other applicable license agreement, including, 
without limitation, that your use is for the sole purpose of 
programming logic devices manufactured by Altera and sold by 
Altera or its authorized distributors.  Please refer to the 
applicable agreement for further details.



+--------------------------------------------------------------------------------------+
; Flow Summary                                                                         ;
+------------------------------------+-------------------------------------------------+
; Flow Status                        ; Successful - Sat Sep 27 15:13:14 2014           ;
; Quartus II 32-bit Version          ; 13.0.1 Build 232 06/12/2013 SP 1 SJ Web Edition ;
; Revision Name                      ; pce_top                                         ;
; Top-level Entity Name              ; pce_top                                         ;
; Family                             ; Cyclone II                                      ;
; Device                             ; EP2C20F484C7                                    ;
; Timing Models                      ; Final                                           ;
; Total logic elements               ; 11,499 / 18,752 ( 61 % )                        ;
;     Total combinational functions  ; 10,558 / 18,752 ( 56 % )                        ;
;     Dedicated logic registers      ; 5,644 / 18,752 ( 30 % )                         ;
; Total registers                    ; 5644                                            ;
; Total pins                         ; 231 / 315 ( 73 % )                              ;
; Total virtual pins                 ; 0                                               ;
; Total memory bits                  ; 217,344 / 239,616 ( 91 % )                      ;
; Embedded Multiplier 9-bit elements ; 0 / 52 ( 0 % )                                  ;
; Total PLLs                         ; 1 / 4 ( 25 % )                                  ;
+------------------------------------+-------------------------------------------------+


+-----------------------------------------+
; Flow Settings                           ;
+-------------------+---------------------+
; Option            ; Setting             ;
+-------------------+---------------------+
; Start date & time ; 09/27/2014 15:03:42 ;
; Main task         ; Compilation         ;
; Revision Name     ; pce_top             ;
+-------------------+---------------------+


+--------------------------------------------------------------------------------------------------------------------------------+
; Flow Non-Default Global Settings                                                                                               ;
+-----------------------------------------+---------------------------------------+---------------+-------------+----------------+
; Assignment Name                         ; Value                                 ; Default Value ; Entity Name ; Section Id     ;
+-----------------------------------------+---------------------------------------+---------------+-------------+----------------+
; COMPILER_SIGNATURE_ID                   ; 98356498598.141182661906989           ; --            ; --          ; --             ;
; CYCLONEII_OPTIMIZATION_TECHNIQUE        ; Speed                                 ; Balanced      ; --          ; --             ;
; IP_TOOL_NAME                            ; ALTPLL                                ; --            ; --          ; --             ;
; IP_TOOL_NAME                            ; RAM: 1-PORT                           ; --            ; --          ; --             ;
; IP_TOOL_NAME                            ; RAM: 2-PORT                           ; --            ; --          ; --             ;
; IP_TOOL_NAME                            ; RAM: 2-PORT                           ; --            ; --          ; --             ;
; IP_TOOL_NAME                            ; RAM: 2-PORT                           ; --            ; --          ; --             ;
; IP_TOOL_NAME                            ; ROM: 1-PORT                           ; --            ; --          ; --             ;
; IP_TOOL_VERSION                         ; 11.1                                  ; --            ; --          ; --             ;
; IP_TOOL_VERSION                         ; 9.1                                   ; --            ; --          ; --             ;
; IP_TOOL_VERSION                         ; 9.1                                   ; --            ; --          ; --             ;
; IP_TOOL_VERSION                         ; 9.1                                   ; --            ; --          ; --             ;
; IP_TOOL_VERSION                         ; 9.1                                   ; --            ; --          ; --             ;
; IP_TOOL_VERSION                         ; 9.1                                   ; --            ; --          ; --             ;
; MAX_CORE_JUNCTION_TEMP                  ; 85                                    ; --            ; --          ; --             ;
; MIN_CORE_JUNCTION_TEMP                  ; 0                                     ; --            ; --          ; --             ;
; MISC_FILE                               ; C:/_data/FPGA/PCE/syn/pce_top.dpf     ; --            ; --          ; --             ;
; MISC_FILE                               ; ../src/pll.ppf                        ; --            ; --          ; --             ;
; MISC_FILE                               ; ../src/colram.bsf                     ; --            ; --          ; --             ;
; PARTITION_COLOR                         ; 16764057                              ; --            ; --          ; Top            ;
; PARTITION_FITTER_PRESERVATION_LEVEL     ; PLACEMENT_AND_ROUTING                 ; --            ; --          ; Top            ;
; PARTITION_NETLIST_TYPE                  ; SOURCE                                ; --            ; --          ; Top            ;
; PHYSICAL_SYNTHESIS_COMBO_LOGIC          ; On                                    ; Off           ; --          ; --             ;
; PHYSICAL_SYNTHESIS_COMBO_LOGIC_FOR_AREA ; On                                    ; Off           ; --          ; --             ;
; PHYSICAL_SYNTHESIS_REGISTER_RETIMING    ; On                                    ; Off           ; --          ; --             ;
; POWER_BOARD_THERMAL_MODEL               ; None (CONSERVATIVE)                   ; --            ; --          ; --             ;
; POWER_PRESET_COOLING_SOLUTION           ; 23 MM HEAT SINK WITH 200 LFPM AIRFLOW ; --            ; --          ; --             ;
; SMART_RECOMPILE                         ; On                                    ; Off           ; --          ; --             ;
; SYNTH_TIMING_DRIVEN_SYNTHESIS           ; On                                    ; Off           ; --          ; --             ;
; USE_GENERATED_PHYSICAL_CONSTRAINTS      ; Off                                   ; --            ; --          ; eda_blast_fpga ;
+-----------------------------------------+---------------------------------------+---------------+-------------+----------------+


+-------------------------------------------------------------------------------------------------------------------------------+
; Flow Elapsed Time                                                                                                             ;
+---------------------------+--------------+-------------------------+---------------------+------------------------------------+
; Module Name               ; Elapsed Time ; Average Processors Used ; Peak Virtual Memory ; Total CPU Time (on all processors) ;
+---------------------------+--------------+-------------------------+---------------------+------------------------------------+
; Analysis & Synthesis      ; 00:02:16     ; 1.0                     ; 535 MB              ; 00:02:06                           ;
; Fitter                    ; 00:06:47     ; 1.3                     ; 625 MB              ; 00:08:17                           ;
; Assembler                 ; 00:00:05     ; 1.0                     ; 369 MB              ; 00:00:05                           ;
; TimeQuest Timing Analyzer ; 00:00:10     ; 1.0                     ; 447 MB              ; 00:00:10                           ;
; Total                     ; 00:09:18     ; --                      ; --                  ; 00:10:38                           ;
+---------------------------+--------------+-------------------------+---------------------+------------------------------------+


+-----------------------------------------------------------------------------------------+
; Flow OS Summary                                                                         ;
+---------------------------+------------------+------------+------------+----------------+
; Module Name               ; Machine Hostname ; OS Name    ; OS Version ; Processor type ;
+---------------------------+------------------+------------+------------+----------------+
; Analysis & Synthesis      ; amr-dt-mint      ; Linux Mint ; 13         ; x86_64         ;
; Fitter                    ; amr-dt-mint      ; Linux Mint ; 13         ; x86_64         ;
; Assembler                 ; amr-dt-mint      ; Linux Mint ; 13         ; x86_64         ;
; TimeQuest Timing Analyzer ; amr-dt-mint      ; Linux Mint ; 13         ; x86_64         ;
+---------------------------+------------------+------------+------------+----------------+


------------
; Flow Log ;
------------
quartus_map --read_settings_files=on --write_settings_files=off pce_top -c pce_top
quartus_fit --read_settings_files=off --write_settings_files=off pce_top -c pce_top
quartus_asm --read_settings_files=off --write_settings_files=off pce_top -c pce_top
quartus_sta pce_top -c pce_top



